<?xml version="1.0" encoding="UTF-8"?>
<testng-results ignored="0" total="1" passed="1" failed="0" skipped="0">
  <reporter-output>
  </reporter-output>
  <suite started-at="2019-11-04T02:49:03Z" name="InetBanking" finished-at="2019-11-04T02:49:13Z" duration-ms="9966">
    <groups>
    </groups>
    <test started-at="2019-11-04T02:49:03Z" name="BankingappTest" finished-at="2019-11-04T02:49:13Z" duration-ms="9966">
      <class name="com.inetbanking.testCases.TC_LoginTest_001">
        <test-method is-config="true" signature="setup(java.lang.String)[pri:0, instance:com.inetbanking.testCases.TC_LoginTest_001@4f51b3e0]" started-at="2019-11-04T02:49:04Z" name="setup" finished-at="2019-11-04T02:49:12Z" duration-ms="8085" status="PASS">
          <params>
            <param index="0">
              <value>
                <![CDATA[chrome]]>
              </value>
            </param>
          </params>
          <reporter-output>
          </reporter-output>
        </test-method> <!-- setup -->
        <test-method signature="loginTest()[pri:0, instance:com.inetbanking.testCases.TC_LoginTest_001@4f51b3e0]" started-at="2019-11-04T02:49:12Z" name="loginTest" finished-at="2019-11-04T02:49:13Z" duration-ms="971" status="PASS">
          <reporter-output>
          </reporter-output>
        </test-method> <!-- loginTest -->
        <test-method is-config="true" signature="teardown()[pri:0, instance:com.inetbanking.testCases.TC_LoginTest_001@4f51b3e0]" started-at="2019-11-04T02:49:13Z" name="teardown" finished-at="2019-11-04T02:49:13Z" duration-ms="641" status="PASS">
          <reporter-output>
          </reporter-output>
        </test-method> <!-- teardown -->
      </class> <!-- com.inetbanking.testCases.TC_LoginTest_001 -->
    </test> <!-- BankingappTest -->
  </suite> <!-- InetBanking -->
</testng-results>
